  Assembling testing.asm...
testing.asm(1): error A2044: invalid character in file
testing.asm(4): error A2013: .MODEL must precede this directive
testing.asm(5): error A2034: must be in segment block
testing.asm(6): error A2034: must be in segment block
testing.asm(7): error A2013: .MODEL must precede this directive
testing.asm(8): error A2034: must be in segment block : main
testing.asm(9): error A2034: must be in segment block
testing.asm(10): error A2034: must be in segment block
testing.asm(11): fatal error A1010: unmatched block nesting : main
C:\Program Files\Microsoft Visual Studio\2022\Community\MSBuild\Microsoft\VC\v170\BuildCustomizations\masm.targets(70,5): error MSB3721: The command "ml.exe /c /nologo /Zi /Fo"Testing\Debug\testing.obj" /I "D:\Uni\Semester 3\COAL\irvine" /W3 /errorReport:prompt  /Tatesting.asm" exited with code 1.
